# JRE version: 7.0_07-b10
# Java VM: Java HotSpot(TM) 64-Bit Server VM (23.3-b01 mixed mode bsd-amd64 compressed oops)
Heap
 def new generation   total 5824K, used 260K [0x00000007e7c00000, 0x00000007e8250000, 0x00000007ee200000)
  eden space 5184K,   3% used [0x00000007e7c00000, 0x00000007e7c30090, 0x00000007e8110000)
  from space 640K,  10% used [0x00000007e81b0000, 0x00000007e81c1080, 0x00000007e8250000)
  to   space 640K,   0% used [0x00000007e8110000, 0x00000007e8110000, 0x00000007e81b0000)
 tenured generation   total 13056K, used 1424K [0x00000007ee200000, 0x00000007eeec0000, 0x00000007fae00000)
   the space 13056K,  10% used [0x00000007ee200000, 0x00000007ee364390, 0x00000007ee364400, 0x00000007eeec0000)
 compacting perm gen  total 21248K, used 6355K [0x00000007fae00000, 0x00000007fc2c0000, 0x0000000800000000)
   the space 21248K,  29% used [0x00000007fae00000, 0x00000007fb434fd8, 0x00000007fb435000, 0x00000007fc2c0000)
GC Heap History (10 events):
Event: 1.832 GC heap before
{Heap before GC invocations=18 (full 0):
 def new generation   total 5824K, used 5259K [0x00000007e7c00000, 0x00000007e8250000, 0x00000007ee200000)
  eden space 5184K,  96% used [0x00000007e7c00000, 0x00000007e80e3a40, 0x00000007e8110000)
  from space 640K,  39% used [0x00000007e8110000, 0x00000007e814f488, 0x00000007e81b0000)
  to   space 640K,   0% used [0x00000007e81b0000, 0x00000007e81b0000, 0x00000007e8250000)
 tenured generation   total 13056K, used 1408K [0x00000007ee200000, 0x00000007eeec0000, 0x00000007fae00000)
   the space 13056K,  10% used [0x00000007ee200000, 0x00000007ee360190, 0x00000007ee360200, 0x00000007eeec0000)
 compacting perm gen  total 21248K, used 6235K [0x00000007fae00000, 0x00000007fc2c0000, 0x0000000800000000)
   the space 21248K,  29% used [0x00000007fae00000, 0x00000007fb416f18, 0x00000007fb417000, 0x00000007fc2c0000)
No shared spaces configured.
Event: 1.833 GC heap after
Heap after GC invocations=19 (full 0):
 def new generation   total 5824K, used 253K [0x00000007e7c00000, 0x00000007e8250000, 0x00000007ee200000)
  eden space 5184K,   0% used [0x00000007e7c00000, 0x00000007e7c00000, 0x00000007e8110000)
  from space 640K,  39% used [0x00000007e81b0000, 0x00000007e81ef530, 0x00000007e8250000)
  to   space 640K,   0% used [0x00000007e8110000, 0x00000007e8110000, 0x00000007e81b0000)
 tenured generation   total 13056K, used 1411K [0x00000007ee200000, 0x00000007eeec0000, 0x00000007fae00000)
   the space 13056K,  10% used [0x00000007ee200000, 0x00000007ee360f20, 0x00000007ee361000, 0x00000007eeec0000)
 compacting perm gen  total 21248K, used 6235K [0x00000007fae00000, 0x00000007fc2c0000, 0x0000000800000000)
   the space 21248K,  29% used [0x00000007fae00000, 0x00000007fb416f18, 0x00000007fb417000, 0x00000007fc2c0000)
No shared spaces configured.
}
Event: 1.901 GC heap before
{Heap before GC invocations=19 (full 0):
 def new generation   total 5824K, used 5365K [0x00000007e7c00000, 0x00000007e8250000, 0x00000007ee200000)
  eden space 5184K,  98% used [0x00000007e7c00000, 0x00000007e80fe0e0, 0x00000007e8110000)
  from space 640K,  39% used [0x00000007e81b0000, 0x00000007e81ef530, 0x00000007e8250000)
  to   space 640K,   0% used [0x00000007e8110000, 0x00000007e8110000, 0x00000007e81b0000)
 tenured generation   total 13056K, used 1411K [0x00000007ee200000, 0x00000007eeec0000, 0x00000007fae00000)
   the space 13056K,  10% used [0x00000007ee200000, 0x00000007ee360f20, 0x00000007ee361000, 0x00000007eeec0000)
 compacting perm gen  total 21248K, used 6254K [0x00000007fae00000, 0x00000007fc2c0000, 0x0000000800000000)
   the space 21248K,  29% used [0x00000007fae00000, 0x00000007fb41b940, 0x00000007fb41ba00, 0x00000007fc2c0000)
No shared spaces configured.
Event: 1.901 GC heap after
Heap after GC invocations=20 (full 0):
 def new generation   total 5824K, used 255K [0x00000007e7c00000, 0x00000007e8250000, 0x00000007ee200000)
  eden space 5184K,   0% used [0x00000007e7c00000, 0x00000007e7c00000, 0x00000007e8110000)
  from space 640K,  39% used [0x00000007e8110000, 0x00000007e814fc20, 0x00000007e81b0000)
  to   space 640K,   0% used [0x00000007e81b0000, 0x00000007e81b0000, 0x00000007e8250000)
 tenured generation   total 13056K, used 1415K [0x00000007ee200000, 0x00000007eeec0000, 0x00000007fae00000)
   the space 13056K,  10% used [0x00000007ee200000, 0x00000007ee361c70, 0x00000007ee361e00, 0x00000007eeec0000)
 compacting perm gen  total 21248K, used 6254K [0x00000007fae00000, 0x00000007fc2c0000, 0x0000000800000000)
   the space 21248K,  29% used [0x00000007fae00000, 0x00000007fb41b940, 0x00000007fb41ba00, 0x00000007fc2c0000)
No shared spaces configured.
}
Event: 1.969 GC heap before
{Heap before GC invocations=20 (full 0):
 def new generation   total 5824K, used 5263K [0x00000007e7c00000, 0x00000007e8250000, 0x00000007ee200000)
  eden space 5184K,  96% used [0x00000007e7c00000, 0x00000007e80e42e8, 0x00000007e8110000)
  from space 640K,  39% used [0x00000007e8110000, 0x00000007e814fc20, 0x00000007e81b0000)
  to   space 640K,   0% used [0x00000007e81b0000, 0x00000007e81b0000, 0x00000007e8250000)
 tenured generation   total 13056K, used 1415K [0x00000007ee200000, 0x00000007eeec0000, 0x00000007fae00000)
   the space 13056K,  10% used [0x00000007ee200000, 0x00000007ee361c70, 0x00000007ee361e00, 0x00000007eeec0000)
 compacting perm gen  total 21248K, used 6254K [0x00000007fae00000, 0x00000007fc2c0000, 0x0000000800000000)
   the space 21248K,  29% used [0x00000007fae00000, 0x00000007fb41b940, 0x00000007fb41ba00, 0x00000007fc2c0000)
No shared spaces configured.
Event: 1.969 GC heap after
Heap after GC invocations=21 (full 0):
 def new generation   total 5824K, used 256K [0x00000007e7c00000, 0x00000007e8250000, 0x00000007ee200000)
  eden space 5184K,   0% used [0x00000007e7c00000, 0x00000007e7c00000, 0x00000007e8110000)
  from space 640K,  40% used [0x00000007e81b0000, 0x00000007e81f0170, 0x00000007e8250000)
  to   space 640K,   0% used [0x00000007e8110000, 0x00000007e8110000, 0x00000007e81b0000)
 tenured generation   total 13056K, used 1418K [0x00000007ee200000, 0x00000007eeec0000, 0x00000007fae00000)
   the space 13056K,  10% used [0x00000007ee200000, 0x00000007ee362958, 0x00000007ee362a00, 0x00000007eeec0000)
 compacting perm gen  total 21248K, used 6254K [0x00000007fae00000, 0x00000007fc2c0000, 0x0000000800000000)
   the space 21248K,  29% used [0x00000007fae00000, 0x00000007fb41b940, 0x00000007fb41ba00, 0x00000007fc2c0000)
No shared spaces configured.
}
Event: 4.728 GC heap before
{Heap before GC invocations=21 (full 0):
 def new generation   total 5824K, used 5440K [0x00000007e7c00000, 0x00000007e8250000, 0x00000007ee200000)
  eden space 5184K, 100% used [0x00000007e7c00000, 0x00000007e8110000, 0x00000007e8110000)
  from space 640K,  40% used [0x00000007e81b0000, 0x00000007e81f0170, 0x00000007e8250000)
  to   space 640K,   0% used [0x00000007e8110000, 0x00000007e8110000, 0x00000007e81b0000)
 tenured generation   total 13056K, used 1418K [0x00000007ee200000, 0x00000007eeec0000, 0x00000007fae00000)
   the space 13056K,  10% used [0x00000007ee200000, 0x00000007ee362958, 0x00000007ee362a00, 0x00000007eeec0000)
 compacting perm gen  total 21248K, used 6347K [0x00000007fae00000, 0x00000007fc2c0000, 0x0000000800000000)
   the space 21248K,  29% used [0x00000007fae00000, 0x00000007fb432ea8, 0x00000007fb433000, 0x00000007fc2c0000)
No shared spaces configured.
Event: 4.729 GC heap after
Heap after GC invocations=22 (full 0):
 def new generation   total 5824K, used 91K [0x00000007e7c00000, 0x00000007e8250000, 0x00000007ee200000)
  eden space 5184K,   0% used [0x00000007e7c00000, 0x00000007e7c00000, 0x00000007e8110000)
  from space 640K,  14% used [0x00000007e8110000, 0x00000007e8126d40, 0x00000007e81b0000)
  to   space 640K,   0% used [0x00000007e81b0000, 0x00000007e81b0000, 0x00000007e8250000)
 tenured generation   total 13056K, used 1421K [0x00000007ee200000, 0x00000007eeec0000, 0x00000007fae00000)
   the space 13056K,  10% used [0x00000007ee200000, 0x00000007ee363650, 0x00000007ee363800, 0x00000007eeec0000)
 compacting perm gen  total 21248K, used 6347K [0x00000007fae00000, 0x00000007fc2c0000, 0x0000000800000000)
   the space 21248K,  29% used [0x00000007fae00000, 0x00000007fb432ea8, 0x00000007fb433000, 0x00000007fc2c0000)
No shared spaces configured.
}
Event: 11.064 GC heap before
{Heap before GC invocations=22 (full 0):
 def new generation   total 5824K, used 5275K [0x00000007e7c00000, 0x00000007e8250000, 0x00000007ee200000)
  eden space 5184K, 100% used [0x00000007e7c00000, 0x00000007e8110000, 0x00000007e8110000)
  from space 640K,  14% used [0x00000007e8110000, 0x00000007e8126d40, 0x00000007e81b0000)
  to   space 640K,   0% used [0x00000007e81b0000, 0x00000007e81b0000, 0x00000007e8250000)
 tenured generation   total 13056K, used 1421K [0x00000007ee200000, 0x00000007eeec0000, 0x00000007fae00000)
   the space 13056K,  10% used [0x00000007ee200000, 0x00000007ee363650, 0x00000007ee363800, 0x00000007eeec0000)
 compacting perm gen  total 21248K, used 6350K [0x00000007fae00000, 0x00000007fc2c0000, 0x0000000800000000)
   the space 21248K,  29% used [0x00000007fae00000, 0x00000007fb433a70, 0x00000007fb433c00, 0x00000007fc2c0000)
No shared spaces configured.
Event: 11.065 GC heap after
Heap after GC invocations=23 (full 0):
 def new generation   total 5824K, used 68K [0x00000007e7c00000, 0x00000007e8250000, 0x00000007ee200000)
  eden space 5184K,   0% used [0x00000007e7c00000, 0x00000007e7c00000, 0x00000007e8110000)
  from space 640K,  10% used [0x00000007e81b0000, 0x00000007e81c1080, 0x00000007e8250000)
  to   space 640K,   0% used [0x00000007e8110000, 0x00000007e8110000, 0x00000007e81b0000)
 tenured generation   total 13056K, used 1424K [0x00000007ee200000, 0x00000007eeec0000, 0x00000007fae00000)
   the space 13056K,  10% used [0x00000007ee200000, 0x00000007ee364390, 0x00000007ee364400, 0x00000007eeec0000)
 compacting perm gen  total 21248K, used 6350K [0x00000007fae00000, 0x00000007fc2c0000, 0x0000000800000000)
   the space 21248K,  29% used [0x00000007fae00000, 0x00000007fb433a70, 0x00000007fb433c00, 0x00000007fc2c0000)
No shared spaces configured.
}

