# JRE version: 7.0_07-b10
# Java VM: Java HotSpot(TM) 64-Bit Server VM (23.3-b01 mixed mode bsd-amd64 compressed oops)
Heap
 def new generation   total 5824K, used 5198K [0x00000007e7c00000, 0x00000007e8250000, 0x00000007ee200000)
  eden space 5184K,  95% used [0x00000007e7c00000, 0x00000007e80d8888, 0x00000007e8110000)
  from space 640K,  36% used [0x00000007e8110000, 0x00000007e814afd8, 0x00000007e81b0000)
  to   space 640K,   0% used [0x00000007e81b0000, 0x00000007e81b0000, 0x00000007e8250000)
 tenured generation   total 13056K, used 1993K [0x00000007ee200000, 0x00000007eeec0000, 0x00000007fae00000)
   the space 13056K,  15% used [0x00000007ee200000, 0x00000007ee3f2678, 0x00000007ee3f2800, 0x00000007eeec0000)
 compacting perm gen  total 21248K, used 6214K [0x00000007fae00000, 0x00000007fc2c0000, 0x0000000800000000)
   the space 21248K,  29% used [0x00000007fae00000, 0x00000007fb411840, 0x00000007fb411a00, 0x00000007fc2c0000)
GC Heap History (4 events):
Event: 0.377 GC heap before
{Heap before GC invocations=0 (full 0):
 def new generation   total 5824K, used 5184K [0x00000007e7c00000, 0x00000007e8250000, 0x00000007ee200000)
  eden space 5184K, 100% used [0x00000007e7c00000, 0x00000007e8110000, 0x00000007e8110000)
  from space 640K,   0% used [0x00000007e8110000, 0x00000007e8110000, 0x00000007e81b0000)
  to   space 640K,   0% used [0x00000007e81b0000, 0x00000007e81b0000, 0x00000007e8250000)
 tenured generation   total 13056K, used 0K [0x00000007ee200000, 0x00000007eeec0000, 0x00000007fae00000)
   the space 13056K,   0% used [0x00000007ee200000, 0x00000007ee200000, 0x00000007ee200200, 0x00000007eeec0000)
 compacting perm gen  total 21248K, used 4925K [0x00000007fae00000, 0x00000007fc2c0000, 0x0000000800000000)
   the space 21248K,  23% used [0x00000007fae00000, 0x00000007fb2cf5b8, 0x00000007fb2cf600, 0x00000007fc2c0000)
No shared spaces configured.
Event: 0.382 GC heap after
Heap after GC invocations=1 (full 0):
 def new generation   total 5824K, used 639K [0x00000007e7c00000, 0x00000007e8250000, 0x00000007ee200000)
  eden space 5184K,   0% used [0x00000007e7c00000, 0x00000007e7c00000, 0x00000007e8110000)
  from space 640K,  99% used [0x00000007e81b0000, 0x00000007e824fff8, 0x00000007e8250000)
  to   space 640K,   0% used [0x00000007e8110000, 0x00000007e8110000, 0x00000007e81b0000)
 tenured generation   total 13056K, used 604K [0x00000007ee200000, 0x00000007eeec0000, 0x00000007fae00000)
   the space 13056K,   4% used [0x00000007ee200000, 0x00000007ee2971d0, 0x00000007ee297200, 0x00000007eeec0000)
 compacting perm gen  total 21248K, used 4925K [0x00000007fae00000, 0x00000007fc2c0000, 0x0000000800000000)
   the space 21248K,  23% used [0x00000007fae00000, 0x00000007fb2cf5b8, 0x00000007fb2cf600, 0x00000007fc2c0000)
No shared spaces configured.
}
Event: 0.551 GC heap before
{Heap before GC invocations=1 (full 0):
 def new generation   total 5824K, used 5822K [0x00000007e7c00000, 0x00000007e8250000, 0x00000007ee200000)
  eden space 5184K,  99% used [0x00000007e7c00000, 0x00000007e810fb50, 0x00000007e8110000)
  from space 640K,  99% used [0x00000007e81b0000, 0x00000007e824fff8, 0x00000007e8250000)
  to   space 640K,   0% used [0x00000007e8110000, 0x00000007e8110000, 0x00000007e81b0000)
 tenured generation   total 13056K, used 604K [0x00000007ee200000, 0x00000007eeec0000, 0x00000007fae00000)
   the space 13056K,   4% used [0x00000007ee200000, 0x00000007ee2971d0, 0x00000007ee297200, 0x00000007eeec0000)
 compacting perm gen  total 21248K, used 6004K [0x00000007fae00000, 0x00000007fc2c0000, 0x0000000800000000)
   the space 21248K,  28% used [0x00000007fae00000, 0x00000007fb3dd278, 0x00000007fb3dd400, 0x00000007fc2c0000)
No shared spaces configured.
Event: 0.555 GC heap after
Heap after GC invocations=2 (full 0):
 def new generation   total 5824K, used 235K [0x00000007e7c00000, 0x00000007e8250000, 0x00000007ee200000)
  eden space 5184K,   0% used [0x00000007e7c00000, 0x00000007e7c00000, 0x00000007e8110000)
  from space 640K,  36% used [0x00000007e8110000, 0x00000007e814afd8, 0x00000007e81b0000)
  to   space 640K,   0% used [0x00000007e81b0000, 0x00000007e81b0000, 0x00000007e8250000)
 tenured generation   total 13056K, used 1993K [0x00000007ee200000, 0x00000007eeec0000, 0x00000007fae00000)
   the space 13056K,  15% used [0x00000007ee200000, 0x00000007ee3f2678, 0x00000007ee3f2800, 0x00000007eeec0000)
 compacting perm gen  total 21248K, used 6004K [0x00000007fae00000, 0x00000007fc2c0000, 0x0000000800000000)
   the space 21248K,  28% used [0x00000007fae00000, 0x00000007fb3dd278, 0x00000007fb3dd400, 0x00000007fc2c0000)
No shared spaces configured.
}

