# JRE version: Java(TM) SE Runtime Environment (8.0-b132) (build 1.8.0-b132)
# Java VM: Java HotSpot(TM) 64-Bit Server VM (25.0-b70 mixed mode bsd-amd64 compressed oops)
Heap:
 PSYoungGen      total 88576K, used 65428K [0x0000000795580000, 0x000000079b480000, 0x00000007c0000000)
  eden space 82944K, 72% used [0x0000000795580000,0x0000000799015210,0x000000079a680000)
  from space 5632K, 96% used [0x000000079ad00000,0x000000079b250000,0x000000079b280000)
  to   space 6656K, 0% used [0x000000079a680000,0x000000079a680000,0x000000079ad00000)
 ParOldGen       total 129536K, used 7928K [0x0000000740000000, 0x0000000747e80000, 0x0000000795580000)
  object space 129536K, 6% used [0x0000000740000000,0x00000007407be348,0x0000000747e80000)
 Metaspace       used 6216K, capacity 6283K, committed 6400K, reserved 1056768K
  class space    used 617K, capacity 656K, committed 768K, reserved 1048576K
GC Heap History (10 events):
Event: 4.219 GC heap before
{Heap before GC invocations=16 (full 0):
 PSYoungGen      total 29184K, used 29088K [0x0000000795580000, 0x0000000798580000, 0x00000007c0000000)
  eden space 26624K, 100% used [0x0000000795580000,0x0000000796f80000,0x0000000796f80000)
  from space 2560K, 96% used [0x0000000796f80000,0x00000007971e8000,0x0000000797200000)
  to   space 3072K, 0% used [0x0000000798280000,0x0000000798280000,0x0000000798580000)
 ParOldGen       total 129536K, used 4256K [0x0000000740000000, 0x0000000747e80000, 0x0000000795580000)
  object space 129536K, 3% used [0x0000000740000000,0x0000000740428348,0x0000000747e80000)
 Metaspace       used 6172K, capacity 6251K, committed 6272K, reserved 1056768K
  class space    used 616K, capacity 624K, committed 640K, reserved 1048576K
Event: 4.230 GC heap after
Heap after GC invocations=16 (full 0):
 PSYoungGen      total 46080K, used 2432K [0x0000000795580000, 0x0000000798580000, 0x00000007c0000000)
  eden space 43008K, 0% used [0x0000000795580000,0x0000000795580000,0x0000000797f80000)
  from space 3072K, 79% used [0x0000000798280000,0x00000007984e0000,0x0000000798580000)
  to   space 3072K, 0% used [0x0000000797f80000,0x0000000797f80000,0x0000000798280000)
 ParOldGen       total 129536K, used 4264K [0x0000000740000000, 0x0000000747e80000, 0x0000000795580000)
  object space 129536K, 3% used [0x0000000740000000,0x000000074042a348,0x0000000747e80000)
 Metaspace       used 6172K, capacity 6251K, committed 6272K, reserved 1056768K
  class space    used 616K, capacity 624K, committed 640K, reserved 1048576K
}
Event: 5.422 GC heap before
{Heap before GC invocations=17 (full 0):
 PSYoungGen      total 46080K, used 45440K [0x0000000795580000, 0x0000000798580000, 0x00000007c0000000)
  eden space 43008K, 100% used [0x0000000795580000,0x0000000797f80000,0x0000000797f80000)
  from space 3072K, 79% used [0x0000000798280000,0x00000007984e0000,0x0000000798580000)
  to   space 3072K, 0% used [0x0000000797f80000,0x0000000797f80000,0x0000000798280000)
 ParOldGen       total 129536K, used 4264K [0x0000000740000000, 0x0000000747e80000, 0x0000000795580000)
  object space 129536K, 3% used [0x0000000740000000,0x000000074042a348,0x0000000747e80000)
 Metaspace       used 6189K, capacity 6251K, committed 6272K, reserved 1056768K
  class space    used 616K, capacity 624K, committed 640K, reserved 1048576K
Event: 5.442 GC heap after
Heap after GC invocations=17 (full 0):
 PSYoungGen      total 46080K, used 3072K [0x0000000795580000, 0x0000000799880000, 0x00000007c0000000)
  eden space 43008K, 0% used [0x0000000795580000,0x0000000795580000,0x0000000797f80000)
  from space 3072K, 100% used [0x0000000797f80000,0x0000000798280000,0x0000000798280000)
  to   space 4096K, 0% used [0x0000000799480000,0x0000000799480000,0x0000000799880000)
 ParOldGen       total 129536K, used 5144K [0x0000000740000000, 0x0000000747e80000, 0x0000000795580000)
  object space 129536K, 3% used [0x0000000740000000,0x0000000740506348,0x0000000747e80000)
 Metaspace       used 6189K, capacity 6251K, committed 6272K, reserved 1056768K
  class space    used 616K, capacity 624K, committed 640K, reserved 1048576K
}
Event: 6.638 GC heap before
{Heap before GC invocations=18 (full 0):
 PSYoungGen      total 46080K, used 46080K [0x0000000795580000, 0x0000000799880000, 0x00000007c0000000)
  eden space 43008K, 100% used [0x0000000795580000,0x0000000797f80000,0x0000000797f80000)
  from space 3072K, 100% used [0x0000000797f80000,0x0000000798280000,0x0000000798280000)
  to   space 4096K, 0% used [0x0000000799480000,0x0000000799480000,0x0000000799880000)
 ParOldGen       total 129536K, used 5144K [0x0000000740000000, 0x0000000747e80000, 0x0000000795580000)
  object space 129536K, 3% used [0x0000000740000000,0x0000000740506348,0x0000000747e80000)
 Metaspace       used 6191K, capacity 6251K, committed 6272K, reserved 1056768K
  class space    used 616K, capacity 624K, committed 640K, reserved 1048576K
Event: 6.655 GC heap after
Heap after GC invocations=18 (full 0):
 PSYoungGen      total 64000K, used 3936K [0x0000000795580000, 0x0000000799980000, 0x00000007c0000000)
  eden space 59904K, 0% used [0x0000000795580000,0x0000000795580000,0x0000000799000000)
  from space 4096K, 96% used [0x0000000799480000,0x0000000799858000,0x0000000799880000)
  to   space 4608K, 0% used [0x0000000799000000,0x0000000799000000,0x0000000799480000)
 ParOldGen       total 129536K, used 6128K [0x0000000740000000, 0x0000000747e80000, 0x0000000795580000)
  object space 129536K, 4% used [0x0000000740000000,0x00000007405fc348,0x0000000747e80000)
 Metaspace       used 6191K, capacity 6251K, committed 6272K, reserved 1056768K
  class space    used 616K, capacity 624K, committed 640K, reserved 1048576K
}
Event: 8.324 GC heap before
{Heap before GC invocations=19 (full 0):
 PSYoungGen      total 64000K, used 63840K [0x0000000795580000, 0x0000000799980000, 0x00000007c0000000)
  eden space 59904K, 100% used [0x0000000795580000,0x0000000799000000,0x0000000799000000)
  from space 4096K, 96% used [0x0000000799480000,0x0000000799858000,0x0000000799880000)
  to   space 4608K, 0% used [0x0000000799000000,0x0000000799000000,0x0000000799480000)
 ParOldGen       total 129536K, used 6128K [0x0000000740000000, 0x0000000747e80000, 0x0000000795580000)
  object space 129536K, 4% used [0x0000000740000000,0x00000007405fc348,0x0000000747e80000)
 Metaspace       used 6206K, capacity 6251K, committed 6272K, reserved 1056768K
  class space    used 616K, capacity 624K, committed 640K, reserved 1048576K
Event: 8.349 GC heap after
Heap after GC invocations=19 (full 0):
 PSYoungGen      total 64512K, used 4608K [0x0000000795580000, 0x000000079b280000, 0x00000007c0000000)
  eden space 59904K, 0% used [0x0000000795580000,0x0000000795580000,0x0000000799000000)
  from space 4608K, 100% used [0x0000000799000000,0x0000000799480000,0x0000000799480000)
  to   space 5632K, 0% used [0x000000079ad00000,0x000000079ad00000,0x000000079b280000)
 ParOldGen       total 129536K, used 6984K [0x0000000740000000, 0x0000000747e80000, 0x0000000795580000)
  object space 129536K, 5% used [0x0000000740000000,0x00000007406d2348,0x0000000747e80000)
 Metaspace       used 6206K, capacity 6251K, committed 6272K, reserved 1056768K
  class space    used 616K, capacity 624K, committed 640K, reserved 1048576K
}
Event: 10.024 GC heap before
{Heap before GC invocations=20 (full 0):
 PSYoungGen      total 64512K, used 64512K [0x0000000795580000, 0x000000079b280000, 0x00000007c0000000)
  eden space 59904K, 100% used [0x0000000795580000,0x0000000799000000,0x0000000799000000)
  from space 4608K, 100% used [0x0000000799000000,0x0000000799480000,0x0000000799480000)
  to   space 5632K, 0% used [0x000000079ad00000,0x000000079ad00000,0x000000079b280000)
 ParOldGen       total 129536K, used 6984K [0x0000000740000000, 0x0000000747e80000, 0x0000000795580000)
  object space 129536K, 5% used [0x0000000740000000,0x00000007406d2348,0x0000000747e80000)
 Metaspace       used 6209K, capacity 6251K, committed 6272K, reserved 1056768K
  class space    used 616K, capacity 624K, committed 640K, reserved 1048576K
Event: 10.049 GC heap after
Heap after GC invocations=20 (full 0):
 PSYoungGen      total 88576K, used 5440K [0x0000000795580000, 0x000000079b480000, 0x00000007c0000000)
  eden space 82944K, 0% used [0x0000000795580000,0x0000000795580000,0x000000079a680000)
  from space 5632K, 96% used [0x000000079ad00000,0x000000079b250000,0x000000079b280000)
  to   space 6656K, 0% used [0x000000079a680000,0x000000079a680000,0x000000079ad00000)
 ParOldGen       total 129536K, used 7928K [0x0000000740000000, 0x0000000747e80000, 0x0000000795580000)
  object space 129536K, 6% used [0x0000000740000000,0x00000007407be348,0x0000000747e80000)
 Metaspace       used 6209K, capacity 6251K, committed 6272K, reserved 1056768K
  class space    used 616K, capacity 624K, committed 640K, reserved 1048576K
}

