# JRE version: 7.0_07-b10
# Java VM: Java HotSpot(TM) 64-Bit Server VM (23.3-b01 mixed mode bsd-amd64 compressed oops)
Heap
 def new generation   total 14592K, used 257K [0x00000007e9200000, 0x00000007ea1d0000, 0x00000007ef0a0000)
  eden space 12992K,   1% used [0x00000007e9200000, 0x00000007e9240560, 0x00000007e9eb0000)
  from space 1600K,   0% used [0x00000007e9eb0000, 0x00000007e9eb0000, 0x00000007ea040000)
  to   space 1600K,   0% used [0x00000007ea040000, 0x00000007ea040000, 0x00000007ea1d0000)
 tenured generation   total 32264K, used 26851K [0x00000007ef0a0000, 0x00000007f1022000, 0x00000007fae00000)
   the space 32264K,  83% used [0x00000007ef0a0000, 0x00000007f0ad8c30, 0x00000007f0ad8e00, 0x00000007f1022000)
 compacting perm gen  total 21248K, used 7569K [0x00000007fae00000, 0x00000007fc2c0000, 0x0000000800000000)
   the space 21248K,  35% used [0x00000007fae00000, 0x00000007fb5644a8, 0x00000007fb564600, 0x00000007fc2c0000)
GC Heap History (10 events):
Event: 1.121 GC heap before
{Heap before GC invocations=0 (full 0):
 def new generation   total 5440K, used 4864K [0x00000007e9200000, 0x00000007e97e0000, 0x00000007ef0a0000)
  eden space 4864K, 100% used [0x00000007e9200000, 0x00000007e96c0000, 0x00000007e96c0000)
  from space 576K,   0% used [0x00000007e96c0000, 0x00000007e96c0000, 0x00000007e9750000)
  to   space 576K,   0% used [0x00000007e9750000, 0x00000007e9750000, 0x00000007e97e0000)
 tenured generation   total 12096K, used 0K [0x00000007ef0a0000, 0x00000007efc70000, 0x00000007fae00000)
   the space 12096K,   0% used [0x00000007ef0a0000, 0x00000007ef0a0000, 0x00000007ef0a0200, 0x00000007efc70000)
 compacting perm gen  total 21248K, used 7015K [0x00000007fae00000, 0x00000007fc2c0000, 0x0000000800000000)
   the space 21248K,  33% used [0x00000007fae00000, 0x00000007fb4d9dd8, 0x00000007fb4d9e00, 0x00000007fc2c0000)
No shared spaces configured.
Event: 1.128 GC heap after
Heap after GC invocations=1 (full 0):
 def new generation   total 5440K, used 576K [0x00000007e9200000, 0x00000007e97e0000, 0x00000007ef0a0000)
  eden space 4864K,   0% used [0x00000007e9200000, 0x00000007e9200000, 0x00000007e96c0000)
  from space 576K, 100% used [0x00000007e9750000, 0x00000007e97e0000, 0x00000007e97e0000)
  to   space 576K,   0% used [0x00000007e96c0000, 0x00000007e96c0000, 0x00000007e9750000)
 tenured generation   total 12096K, used 679K [0x00000007ef0a0000, 0x00000007efc70000, 0x00000007fae00000)
   the space 12096K,   5% used [0x00000007ef0a0000, 0x00000007ef149d38, 0x00000007ef149e00, 0x00000007efc70000)
 compacting perm gen  total 21248K, used 7015K [0x00000007fae00000, 0x00000007fc2c0000, 0x0000000800000000)
   the space 21248K,  33% used [0x00000007fae00000, 0x00000007fb4d9dd8, 0x00000007fb4d9e00, 0x00000007fc2c0000)
No shared spaces configured.
}
Event: 1.409 GC heap before
{Heap before GC invocations=1 (full 0):
 def new generation   total 5440K, used 5424K [0x00000007e9200000, 0x00000007e97e0000, 0x00000007ef0a0000)
  eden space 4864K,  99% used [0x00000007e9200000, 0x00000007e96bc008, 0x00000007e96c0000)
  from space 576K, 100% used [0x00000007e9750000, 0x00000007e97e0000, 0x00000007e97e0000)
  to   space 576K,   0% used [0x00000007e96c0000, 0x00000007e96c0000, 0x00000007e9750000)
 tenured generation   total 12096K, used 679K [0x00000007ef0a0000, 0x00000007efc70000, 0x00000007fae00000)
   the space 12096K,   5% used [0x00000007ef0a0000, 0x00000007ef149d38, 0x00000007ef149e00, 0x00000007efc70000)
 compacting perm gen  total 21248K, used 7474K [0x00000007fae00000, 0x00000007fc2c0000, 0x0000000800000000)
   the space 21248K,  35% used [0x00000007fae00000, 0x00000007fb54cbf0, 0x00000007fb54cc00, 0x00000007fc2c0000)
No shared spaces configured.
Event: 1.415 GC heap after
Heap after GC invocations=2 (full 0):
 def new generation   total 5440K, used 54K [0x00000007e9200000, 0x00000007e97e0000, 0x00000007ef0a0000)
  eden space 4864K,   0% used [0x00000007e9200000, 0x00000007e9200000, 0x00000007e96c0000)
  from space 576K,   9% used [0x00000007e96c0000, 0x00000007e96cd9d0, 0x00000007e9750000)
  to   space 576K,   0% used [0x00000007e9750000, 0x00000007e9750000, 0x00000007e97e0000)
 tenured generation   total 12096K, used 2906K [0x00000007ef0a0000, 0x00000007efc70000, 0x00000007fae00000)
   the space 12096K,  24% used [0x00000007ef0a0000, 0x00000007ef3768a0, 0x00000007ef376a00, 0x00000007efc70000)
 compacting perm gen  total 21248K, used 7474K [0x00000007fae00000, 0x00000007fc2c0000, 0x0000000800000000)
   the space 21248K,  35% used [0x00000007fae00000, 0x00000007fb54cbf0, 0x00000007fb54cc00, 0x00000007fc2c0000)
No shared spaces configured.
}
Event: 1.480 GC heap before
{Heap before GC invocations=2 (full 0):
 def new generation   total 5440K, used 3415K [0x00000007e9200000, 0x00000007e97e0000, 0x00000007ef0a0000)
  eden space 4864K,  69% used [0x00000007e9200000, 0x00000007e9548268, 0x00000007e96c0000)
  from space 576K,   9% used [0x00000007e96c0000, 0x00000007e96cd9d0, 0x00000007e9750000)
  to   space 576K,   0% used [0x00000007e9750000, 0x00000007e9750000, 0x00000007e97e0000)
 tenured generation   total 12096K, used 8355K [0x00000007ef0a0000, 0x00000007efc70000, 0x00000007fae00000)
   the space 12096K,  69% used [0x00000007ef0a0000, 0x00000007ef8c8db8, 0x00000007ef8c8e00, 0x00000007efc70000)
 compacting perm gen  total 21248K, used 7474K [0x00000007fae00000, 0x00000007fc2c0000, 0x0000000800000000)
   the space 21248K,  35% used [0x00000007fae00000, 0x00000007fb54cbf0, 0x00000007fb54cc00, 0x00000007fc2c0000)
No shared spaces configured.
Event: 1.494 GC heap after
Heap after GC invocations=3 (full 1):
 def new generation   total 5504K, used 0K [0x00000007e9200000, 0x00000007e97f0000, 0x00000007ef0a0000)
  eden space 4928K,   0% used [0x00000007e9200000, 0x00000007e9200000, 0x00000007e96d0000)
  from space 576K,   0% used [0x00000007e96d0000, 0x00000007e96d0000, 0x00000007e9760000)
  to   space 576K,   0% used [0x00000007e9760000, 0x00000007e9760000, 0x00000007e97f0000)
 tenured generation   total 12096K, used 6757K [0x00000007ef0a0000, 0x00000007efc70000, 0x00000007fae00000)
   the space 12096K,  55% used [0x00000007ef0a0000, 0x00000007ef739750, 0x00000007ef739800, 0x00000007efc70000)
 compacting perm gen  total 21248K, used 7474K [0x00000007fae00000, 0x00000007fc2c0000, 0x0000000800000000)
   the space 21248K,  35% used [0x00000007fae00000, 0x00000007fb54cbf0, 0x00000007fb54cc00, 0x00000007fc2c0000)
No shared spaces configured.
}
Event: 1.550 GC heap before
{Heap before GC invocations=3 (full 1):
 def new generation   total 5504K, used 24K [0x00000007e9200000, 0x00000007e97f0000, 0x00000007ef0a0000)
  eden space 4928K,   0% used [0x00000007e9200000, 0x00000007e9206188, 0x00000007e96d0000)
  from space 576K,   0% used [0x00000007e96d0000, 0x00000007e96d0000, 0x00000007e9760000)
  to   space 576K,   0% used [0x00000007e9760000, 0x00000007e9760000, 0x00000007e97f0000)
 tenured generation   total 20000K, used 14658K [0x00000007ef0a0000, 0x00000007f0428000, 0x00000007fae00000)
   the space 20000K,  73% used [0x00000007ef0a0000, 0x00000007efef0988, 0x00000007efef0a00, 0x00000007f0428000)
 compacting perm gen  total 21248K, used 7474K [0x00000007fae00000, 0x00000007fc2c0000, 0x0000000800000000)
   the space 21248K,  35% used [0x00000007fae00000, 0x00000007fb54cbf0, 0x00000007fb54cc00, 0x00000007fc2c0000)
No shared spaces configured.
Event: 1.563 GC heap after
Heap after GC invocations=4 (full 2):
 def new generation   total 9088K, used 0K [0x00000007e9200000, 0x00000007e9bd0000, 0x00000007ef0a0000)
  eden space 8128K,   0% used [0x00000007e9200000, 0x00000007e9200000, 0x00000007e99f0000)
  from space 960K,   0% used [0x00000007e99f0000, 0x00000007e99f0000, 0x00000007e9ae0000)
  to   space 960K,   0% used [0x00000007e9ae0000, 0x00000007e9ae0000, 0x00000007e9bd0000)
 tenured generation   total 20000K, used 9209K [0x00000007ef0a0000, 0x00000007f0428000, 0x00000007fae00000)
   the space 20000K,  46% used [0x00000007ef0a0000, 0x00000007ef99e468, 0x00000007ef99e600, 0x00000007f0428000)
 compacting perm gen  total 21248K, used 7474K [0x00000007fae00000, 0x00000007fc2c0000, 0x0000000800000000)
   the space 21248K,  35% used [0x00000007fae00000, 0x00000007fb54cbf0, 0x00000007fb54cc00, 0x00000007fc2c0000)
No shared spaces configured.
}
Event: 1.639 GC heap before
{Heap before GC invocations=4 (full 2):
 def new generation   total 9088K, used 40K [0x00000007e9200000, 0x00000007e9bd0000, 0x00000007ef0a0000)
  eden space 8128K,   0% used [0x00000007e9200000, 0x00000007e920a0f0, 0x00000007e99f0000)
  from space 960K,   0% used [0x00000007e99f0000, 0x00000007e99f0000, 0x00000007e9ae0000)
  to   space 960K,   0% used [0x00000007e9ae0000, 0x00000007e9ae0000, 0x00000007e9bd0000)
 tenured generation   total 32264K, used 21470K [0x00000007ef0a0000, 0x00000007f1022000, 0x00000007fae00000)
   the space 32264K,  66% used [0x00000007ef0a0000, 0x00000007f0597ab8, 0x00000007f0597c00, 0x00000007f1022000)
 compacting perm gen  total 21248K, used 7475K [0x00000007fae00000, 0x00000007fc2c0000, 0x0000000800000000)
   the space 21248K,  35% used [0x00000007fae00000, 0x00000007fb54cc98, 0x00000007fb54ce00, 0x00000007fc2c0000)
No shared spaces configured.
Event: 1.652 GC heap after
Heap after GC invocations=5 (full 3):
 def new generation   total 14592K, used 0K [0x00000007e9200000, 0x00000007ea1d0000, 0x00000007ef0a0000)
  eden space 12992K,   0% used [0x00000007e9200000, 0x00000007e9200000, 0x00000007e9eb0000)
  from space 1600K,   0% used [0x00000007e9eb0000, 0x00000007e9eb0000, 0x00000007ea040000)
  to   space 1600K,   0% used [0x00000007ea040000, 0x00000007ea040000, 0x00000007ea1d0000)
 tenured generation   total 32264K, used 13571K [0x00000007ef0a0000, 0x00000007f1022000, 0x00000007fae00000)
   the space 32264K,  42% used [0x00000007ef0a0000, 0x00000007efde0c20, 0x00000007efde0e00, 0x00000007f1022000)
 compacting perm gen  total 21248K, used 7475K [0x00000007fae00000, 0x00000007fc2c0000, 0x0000000800000000)
   the space 21248K,  35% used [0x00000007fae00000, 0x00000007fb54cc98, 0x00000007fb54ce00, 0x00000007fc2c0000)
No shared spaces configured.
}

